<?xml version="1.0" encoding="UTF-8"?>
<!-- Generated by org.testng.reporters.JUnitXMLReporter -->
<testsuite hostname="DESKTOP-746JS51" failures="1" tests="4" name="Surefire test" time="0.075" errors="0" timestamp="1 Jun 2024 19:12:09 GMT">
  <testcase classname="br.com.enade.model.TbusuarioTest" name="testGetSetEmailUsuario on testGetSetEmailUsuario(br.com.enade.model.TbusuarioTest)" time="0.015"/>
  <testcase classname="br.com.enade.model.TbusuarioTest" name="testGetSetNomeUsuario on testGetSetNomeUsuario(br.com.enade.model.TbusuarioTest)" time="0.0"/>
  <testcase classname="br.com.enade.model.TbusuarioTest" name="testGetSetIdUsuario on testGetSetIdUsuario(br.com.enade.model.TbusuarioTest)" time="0.0"/>
  <testcase classname="br.com.enade.model.TbusuarioTest" name="testGetSenhaUsuario on testGetSenhaUsuario(br.com.enade.model.TbusuarioTest)" time="0.001">
    <failure type="java.lang.AssertionError" message="The test case is a prototype.">
      <![CDATA[java.lang.AssertionError: The test case is a prototype.
	at org.junit.Assert.fail(Assert.java:88)
	at br.com.enade.model.TbusuarioTest.testGetSenhaUsuario(TbusuarioTest.java:39)
	at org.junit.runners.model.FrameworkMethod$1.runReflectiveCall(FrameworkMethod.java:50)
	at org.junit.internal.runners.model.ReflectiveCallable.run(ReflectiveCallable.java:12)
	at org.junit.runners.model.FrameworkMethod.invokeExplosively(FrameworkMethod.java:47)
	at org.junit.internal.runners.statements.InvokeMethod.evaluate(InvokeMethod.java:17)
	at org.junit.runners.ParentRunner.runLeaf(ParentRunner.java:325)
	at org.junit.runners.BlockJUnit4ClassRunner.runChild(BlockJUnit4ClassRunner.java:78)
	at org.junit.runners.BlockJUnit4ClassRunner.runChild(BlockJUnit4ClassRunner.java:57)
	at org.junit.runners.ParentRunner$3.run(ParentRunner.java:290)
	at org.junit.runners.ParentRunner$1.schedule(ParentRunner.java:71)
	at org.junit.runners.ParentRunner.runChildren(ParentRunner.java:288)
	at org.junit.runners.ParentRunner.access$000(ParentRunner.java:58)
	at org.junit.runners.ParentRunner$2.evaluate(ParentRunner.java:268)
	at org.junit.runners.ParentRunner.run(ParentRunner.java:363)
	at org.junit.runner.JUnitCore.run(JUnitCore.java:137)
	at org.junit.runner.JUnitCore.run(JUnitCore.java:115)
... Removed 27 stack frames]]>
    </failure>
  </testcase> <!-- testGetSenhaUsuario on testGetSenhaUsuario(br.com.enade.model.TbusuarioTest) -->
</testsuite> <!-- Surefire test -->
